{"/home/travis/build/npmtest/node-npmtest-punycode/test.js":{"path":"/home/travis/build/npmtest/node-npmtest-punycode/test.js","s":{"1":2,"2":2,"3":2,"4":2,"5":2,"6":2,"7":2,"8":1,"9":2,"10":2,"11":1,"12":1,"13":1,"14":1,"15":2,"16":2,"17":2,"18":2,"19":1,"20":1,"21":2,"22":2,"23":2,"24":1,"25":1,"26":1,"27":1,"28":1,"29":1,"30":1,"31":1,"32":1,"33":1,"34":1,"35":1,"36":1,"37":1,"38":1,"39":2,"40":2,"41":1,"42":2,"43":2,"44":1,"45":2,"46":2,"47":1,"48":2,"49":2,"50":1,"51":1,"52":1,"53":1,"54":1},"b":{"1":[2,1,1,1],"2":[1,1,1,1],"3":[1,1],"4":[1,1],"5":[1,1],"6":[1,1],"7":[1,1],"8":[1,1],"9":[1,1],"10":[1,1,1],"11":[1,1],"12":[1,1],"13":[1,1],"14":[1,1],"15":[1,1],"16":[1,1],"17":[1,1]},"f":{"1":2,"2":2,"3":2,"4":2,"5":2,"6":1,"7":1,"8":1,"9":2,"10":2,"11":2,"12":2,"13":1},"fnMap":{"1":{"name":"(anonymous_1)","line":12,"loc":{"start":{"line":12,"column":1},"end":{"line":12,"column":13}}},"2":{"name":"(anonymous_2)","line":19,"loc":{"start":{"line":19,"column":5},"end":{"line":19,"column":17}}},"3":{"name":"(anonymous_3)","line":23,"loc":{"start":{"line":23,"column":24},"end":{"line":23,"column":36}}},"4":{"name":"(anonymous_4)","line":61,"loc":{"start":{"line":61,"column":5},"end":{"line":61,"column":17}}},"5":{"name":"(anonymous_5)","line":82,"loc":{"start":{"line":82,"column":5},"end":{"line":82,"column":17}}},"6":{"name":"(anonymous_6)","line":91,"loc":{"start":{"line":91,"column":77},"end":{"line":94,"column":10}}},"7":{"name":"(anonymous_7)","line":112,"loc":{"start":{"line":112,"column":83},"end":{"line":115,"column":10}},"skip":true},"8":{"name":"(anonymous_8)","line":123,"loc":{"start":{"line":123,"column":77},"end":{"line":126,"column":10}},"skip":true},"9":{"name":"(anonymous_9)","line":139,"loc":{"start":{"line":139,"column":12},"end":{"line":139,"column":40}},"skip":true},"10":{"name":"(anonymous_10)","line":147,"loc":{"start":{"line":147,"column":77},"end":{"line":150,"column":10}},"skip":true},"11":{"name":"(anonymous_11)","line":158,"loc":{"start":{"line":158,"column":83},"end":{"line":161,"column":10}},"skip":true},"12":{"name":"(anonymous_12)","line":169,"loc":{"start":{"line":169,"column":79},"end":{"line":172,"column":10}},"skip":true},"13":{"name":"(anonymous_13)","line":180,"loc":{"start":{"line":180,"column":75},"end":{"line":183,"column":10}},"skip":true}},"statementMap":{"1":{"start":{"line":12,"column":0},"end":{"line":195,"column":5}},"2":{"start":{"line":14,"column":4},"end":{"line":14,"column":14}},"3":{"start":{"line":19,"column":4},"end":{"line":56,"column":9}},"4":{"start":{"line":21,"column":8},"end":{"line":21,"column":19}},"5":{"start":{"line":23,"column":8},"end":{"line":35,"column":13}},"6":{"start":{"line":24,"column":12},"end":{"line":34,"column":13}},"7":{"start":{"line":25,"column":16},"end":{"line":28,"column":30}},"8":{"start":{"line":30,"column":16},"end":{"line":33,"column":27}},"9":{"start":{"line":37,"column":8},"end":{"line":39,"column":21}},"10":{"start":{"line":40,"column":8},"end":{"line":53,"column":9}},"11":{"start":{"line":43,"column":12},"end":{"line":46,"column":14}},"12":{"start":{"line":47,"column":12},"end":{"line":47,"column":18}},"13":{"start":{"line":50,"column":12},"end":{"line":51,"column":33}},"14":{"start":{"line":52,"column":12},"end":{"line":52,"column":18}},"15":{"start":{"line":55,"column":8},"end":{"line":55,"column":35}},"16":{"start":{"line":61,"column":4},"end":{"line":63,"column":9}},"17":{"start":{"line":62,"column":8},"end":{"line":62,"column":15}},"18":{"start":{"line":64,"column":4},"end":{"line":77,"column":5}},"19":{"start":{"line":70,"column":8},"end":{"line":70,"column":14}},"20":{"start":{"line":76,"column":8},"end":{"line":76,"column":14}},"21":{"start":{"line":82,"column":4},"end":{"line":84,"column":9}},"22":{"start":{"line":83,"column":8},"end":{"line":83,"column":15}},"23":{"start":{"line":85,"column":4},"end":{"line":194,"column":5}},"24":{"start":{"line":91,"column":8},"end":{"line":99,"column":10}},"25":{"start":{"line":98,"column":12},"end":{"line":98,"column":35}},"26":{"start":{"line":102,"column":8},"end":{"line":104,"column":63}},"27":{"start":{"line":105,"column":8},"end":{"line":105,"column":14}},"28":{"start":{"line":112,"column":8},"end":{"line":121,"column":10},"skip":true},"29":{"start":{"line":119,"column":12},"end":{"line":119,"column":55},"skip":true},"30":{"start":{"line":120,"column":12},"end":{"line":120,"column":48},"skip":true},"31":{"start":{"line":123,"column":8},"end":{"line":136,"column":10},"skip":true},"32":{"start":{"line":130,"column":12},"end":{"line":130,"column":76},"skip":true},"33":{"start":{"line":131,"column":12},"end":{"line":131,"column":73},"skip":true},"34":{"start":{"line":132,"column":12},"end":{"line":132,"column":74},"skip":true},"35":{"start":{"line":133,"column":12},"end":{"line":133,"column":79},"skip":true},"36":{"start":{"line":134,"column":12},"end":{"line":134,"column":25},"skip":true},"37":{"start":{"line":135,"column":12},"end":{"line":135,"column":45},"skip":true},"38":{"start":{"line":138,"column":8},"end":{"line":145,"column":14},"skip":true},"39":{"start":{"line":143,"column":16},"end":{"line":143,"column":29},"skip":true},"40":{"start":{"line":144,"column":16},"end":{"line":144,"column":55},"skip":true},"41":{"start":{"line":147,"column":8},"end":{"line":156,"column":10},"skip":true},"42":{"start":{"line":154,"column":12},"end":{"line":154,"column":25},"skip":true},"43":{"start":{"line":155,"column":12},"end":{"line":155,"column":45},"skip":true},"44":{"start":{"line":158,"column":8},"end":{"line":167,"column":10},"skip":true},"45":{"start":{"line":165,"column":12},"end":{"line":165,"column":25},"skip":true},"46":{"start":{"line":166,"column":12},"end":{"line":166,"column":48},"skip":true},"47":{"start":{"line":169,"column":8},"end":{"line":178,"column":10},"skip":true},"48":{"start":{"line":176,"column":12},"end":{"line":176,"column":25},"skip":true},"49":{"start":{"line":177,"column":12},"end":{"line":177,"column":46},"skip":true},"50":{"start":{"line":180,"column":8},"end":{"line":189,"column":10},"skip":true},"51":{"start":{"line":187,"column":12},"end":{"line":187,"column":94},"skip":true},"52":{"start":{"line":188,"column":12},"end":{"line":188,"column":48},"skip":true},"53":{"start":{"line":192,"column":8},"end":{"line":192,"column":35},"skip":true},"54":{"start":{"line":193,"column":8},"end":{"line":193,"column":14},"skip":true}},"branchMap":{"1":{"line":25,"type":"binary-expr","locations":[{"start":{"line":25,"column":23},"end":{"line":25,"column":62}},{"start":{"line":26,"column":20},"end":{"line":26,"column":70}},{"start":{"line":27,"column":20},"end":{"line":27,"column":71}},{"start":{"line":28,"column":20},"end":{"line":28,"column":29}}]},"2":{"line":30,"type":"binary-expr","locations":[{"start":{"line":30,"column":23},"end":{"line":30,"column":37}},{"start":{"line":31,"column":20},"end":{"line":31,"column":61}},{"start":{"line":32,"column":20},"end":{"line":32,"column":70}},{"start":{"line":33,"column":20},"end":{"line":33,"column":26}}]},"3":{"line":37,"type":"cond-expr","locations":[{"start":{"line":38,"column":14},"end":{"line":38,"column":20}},{"start":{"line":39,"column":14},"end":{"line":39,"column":20}}]},"4":{"line":40,"type":"switch","locations":[{"start":{"line":42,"column":8},"end":{"line":47,"column":18}},{"start":{"line":49,"column":8},"end":{"line":52,"column":18}}]},"5":{"line":44,"type":"binary-expr","locations":[{"start":{"line":44,"column":16},"end":{"line":44,"column":44}},{"start":{"line":44,"column":48},"end":{"line":44,"column":66}}]},"6":{"line":50,"type":"binary-expr","locations":[{"start":{"line":50,"column":21},"end":{"line":50,"column":49}},{"start":{"line":50,"column":53},"end":{"line":50,"column":72}}]},"7":{"line":64,"type":"switch","locations":[{"start":{"line":69,"column":4},"end":{"line":70,"column":14}},{"start":{"line":75,"column":4},"end":{"line":76,"column":14}}]},"8":{"line":85,"type":"switch","locations":[{"start":{"line":90,"column":4},"end":{"line":105,"column":14}},{"start":{"line":111,"column":4},"end":{"line":193,"column":14},"skip":true}]},"9":{"line":91,"type":"binary-expr","locations":[{"start":{"line":91,"column":42},"end":{"line":91,"column":73}},{"start":{"line":91,"column":77},"end":{"line":99,"column":9}}]},"10":{"line":102,"type":"binary-expr","locations":[{"start":{"line":102,"column":18},"end":{"line":102,"column":32}},{"start":{"line":103,"column":12},"end":{"line":103,"column":53}},{"start":{"line":104,"column":12},"end":{"line":104,"column":61}}]},"11":{"line":112,"type":"binary-expr","locations":[{"start":{"line":112,"column":45},"end":{"line":112,"column":79},"skip":true},{"start":{"line":112,"column":83},"end":{"line":121,"column":9},"skip":true}]},"12":{"line":123,"type":"binary-expr","locations":[{"start":{"line":123,"column":42},"end":{"line":123,"column":73},"skip":true},{"start":{"line":123,"column":77},"end":{"line":136,"column":9},"skip":true}]},"13":{"line":138,"type":"binary-expr","locations":[{"start":{"line":138,"column":48},"end":{"line":138,"column":85},"skip":true},{"start":{"line":139,"column":12},"end":{"line":145,"column":13},"skip":true}]},"14":{"line":147,"type":"binary-expr","locations":[{"start":{"line":147,"column":42},"end":{"line":147,"column":73},"skip":true},{"start":{"line":147,"column":77},"end":{"line":156,"column":9},"skip":true}]},"15":{"line":158,"type":"binary-expr","locations":[{"start":{"line":158,"column":45},"end":{"line":158,"column":79},"skip":true},{"start":{"line":158,"column":83},"end":{"line":167,"column":9},"skip":true}]},"16":{"line":169,"type":"binary-expr","locations":[{"start":{"line":169,"column":43},"end":{"line":169,"column":75},"skip":true},{"start":{"line":169,"column":79},"end":{"line":178,"column":9},"skip":true}]},"17":{"line":180,"type":"binary-expr","locations":[{"start":{"line":180,"column":41},"end":{"line":180,"column":71},"skip":true},{"start":{"line":180,"column":75},"end":{"line":189,"column":9},"skip":true}]}},"code":["/* istanbul instrument in package npmtest_punycode */","/*jslint","    bitwise: true,","    browser: true,","    maxerr: 8,","    maxlen: 96,","    node: true,","    nomen: true,","    regexp: true,","    stupid: true","*/","(function () {","    'use strict';","    var local;","","","","    // run shared js-env code - init-before","    (function () {","        // init local","        local = {};","        // init modeJs","        local.modeJs = (function () {","            try {","                return typeof navigator.userAgent === 'string' &&","                    typeof document.querySelector('body') === 'object' &&","                    typeof XMLHttpRequest.prototype.open === 'function' &&","                    'browser';","            } catch (errorCaughtBrowser) {","                return module.exports &&","                    typeof process.versions.node === 'string' &&","                    typeof require('http').createServer === 'function' &&","                    'node';","            }","        }());","        // init global","        local.global = local.modeJs === 'browser'","            ? window","            : global;","        switch (local.modeJs) {","        // re-init local from window.local","        case 'browser':","            local = local.global.utility2.objectSetDefault(","                local.global.utility2_rollup || local.global.local,","                local.global.utility2","            );","            break;","        // re-init local from example.js","        case 'node':","            local = (local.global.utility2_rollup || require('utility2'))","                .requireReadme();","            break;","        }","        // export local","        local.global.local = local;","    }());","","","","    // run shared js-env code - function","    (function () {","        return;","    }());","    switch (local.modeJs) {","","","","    // run browser js-env code - function","    case 'browser':","        break;","","","","    // run node js-env code - function","    case 'node':","        break;","    }","","","","    // run shared js-env code - init-after","    (function () {","        return;","    }());","    switch (local.modeJs) {","","","","    // run browser js-env code - init-after","    case 'browser':","        local.testCase_browser_nullCase = local.testCase_browser_nullCase || function (","            options,","            onError","        ) {","        /*","         * this function will test browsers's null-case handling-behavior-behavior","         */","            onError(null, options);","        };","","        // run tests","        local.nop(local.modeTest &&","            document.querySelector('#testRunButton1') &&","            document.querySelector('#testRunButton1').click());","        break;","","","","    // run node js-env code - init-after","    /* istanbul ignore next */","    case 'node':","        local.testCase_buildApidoc_default = local.testCase_buildApidoc_default || function (","            options,","            onError","        ) {","        /*","         * this function will test buildApidoc's default handling-behavior-behavior","         */","            options = { modulePathList: module.paths };","            local.buildApidoc(options, onError);","        };","","        local.testCase_buildApp_default = local.testCase_buildApp_default || function (","            options,","            onError","        ) {","        /*","         * this function will test buildApp's default handling-behavior-behavior","         */","            local.testCase_buildReadme_default(options, local.onErrorThrow);","            local.testCase_buildLib_default(options, local.onErrorThrow);","            local.testCase_buildTest_default(options, local.onErrorThrow);","            local.testCase_buildCustomOrg_default(options, local.onErrorThrow);","            options = [];","            local.buildApp(options, onError);","        };","","        local.testCase_buildCustomOrg_default = local.testCase_buildCustomOrg_default ||","            function (options, onError) {","            /*","             * this function will test buildCustomOrg's default handling-behavior","             */","                options = {};","                local.buildCustomOrg(options, onError);","            };","","        local.testCase_buildLib_default = local.testCase_buildLib_default || function (","            options,","            onError","        ) {","        /*","         * this function will test buildLib's default handling-behavior","         */","            options = {};","            local.buildLib(options, onError);","        };","","        local.testCase_buildReadme_default = local.testCase_buildReadme_default || function (","            options,","            onError","        ) {","        /*","         * this function will test buildReadme's default handling-behavior-behavior","         */","            options = {};","            local.buildReadme(options, onError);","        };","","        local.testCase_buildTest_default = local.testCase_buildTest_default || function (","            options,","            onError","        ) {","        /*","         * this function will test buildTest's default handling-behavior","         */","            options = {};","            local.buildTest(options, onError);","        };","","        local.testCase_webpage_default = local.testCase_webpage_default || function (","            options,","            onError","        ) {","        /*","         * this function will test webpage's default handling-behavior","         */","            options = { modeCoverageMerge: true, url: local.serverLocalHost + '?modeTest=1' };","            local.browserTest(options, onError);","        };","","        // run test-server","        local.testRunServer(local);","        break;","    }","}());",""],"l":{"12":2,"14":2,"19":2,"21":2,"23":2,"24":2,"25":2,"30":1,"37":2,"40":2,"43":1,"47":1,"50":1,"52":1,"55":2,"61":2,"62":2,"64":2,"70":1,"76":1,"82":2,"83":2,"85":2,"91":1,"98":1,"102":1,"105":1,"112":1,"119":1,"120":1,"123":1,"130":1,"131":1,"132":1,"133":1,"134":1,"135":1,"138":1,"143":2,"144":2,"147":1,"154":2,"155":2,"158":1,"165":2,"166":2,"169":1,"176":2,"177":2,"180":1,"187":1,"188":1,"192":1,"193":1}},"/home/travis/build/npmtest/node-npmtest-punycode/lib.npmtest_punycode.js":{"path":"/home/travis/build/npmtest/node-npmtest-punycode/lib.npmtest_punycode.js","s":{"1":2,"2":2,"3":2,"4":2,"5":2,"6":2,"7":2,"8":1,"9":2,"10":2,"11":2,"12":2,"13":1,"14":1,"15":1,"16":1},"b":{"1":[2,1,1,1],"2":[1,1,1,1],"3":[1,1],"4":[2,2],"5":[1,1]},"f":{"1":2,"2":2,"3":2},"fnMap":{"1":{"name":"(anonymous_1)","line":12,"loc":{"start":{"line":12,"column":1},"end":{"line":12,"column":13}}},"2":{"name":"(anonymous_2)","line":19,"loc":{"start":{"line":19,"column":5},"end":{"line":19,"column":17}}},"3":{"name":"(anonymous_3)","line":23,"loc":{"start":{"line":23,"column":24},"end":{"line":23,"column":36}}}},"statementMap":{"1":{"start":{"line":12,"column":0},"end":{"line":53,"column":5}},"2":{"start":{"line":14,"column":4},"end":{"line":14,"column":14}},"3":{"start":{"line":19,"column":4},"end":{"line":52,"column":9}},"4":{"start":{"line":21,"column":8},"end":{"line":21,"column":19}},"5":{"start":{"line":23,"column":8},"end":{"line":35,"column":13}},"6":{"start":{"line":24,"column":12},"end":{"line":34,"column":13}},"7":{"start":{"line":25,"column":16},"end":{"line":28,"column":30}},"8":{"start":{"line":30,"column":16},"end":{"line":33,"column":27}},"9":{"start":{"line":37,"column":8},"end":{"line":39,"column":21}},"10":{"start":{"line":41,"column":8},"end":{"line":41,"column":54}},"11":{"start":{"line":43,"column":8},"end":{"line":43,"column":53}},"12":{"start":{"line":45,"column":8},"end":{"line":51,"column":9}},"13":{"start":{"line":46,"column":12},"end":{"line":46,"column":59}},"14":{"start":{"line":48,"column":12},"end":{"line":48,"column":35}},"15":{"start":{"line":49,"column":12},"end":{"line":49,"column":49}},"16":{"start":{"line":50,"column":12},"end":{"line":50,"column":43}}},"branchMap":{"1":{"line":25,"type":"binary-expr","locations":[{"start":{"line":25,"column":23},"end":{"line":25,"column":62}},{"start":{"line":26,"column":20},"end":{"line":26,"column":70}},{"start":{"line":27,"column":20},"end":{"line":27,"column":71}},{"start":{"line":28,"column":20},"end":{"line":28,"column":29}}]},"2":{"line":30,"type":"binary-expr","locations":[{"start":{"line":30,"column":23},"end":{"line":30,"column":37}},{"start":{"line":31,"column":20},"end":{"line":31,"column":61}},{"start":{"line":32,"column":20},"end":{"line":32,"column":70}},{"start":{"line":33,"column":20},"end":{"line":33,"column":26}}]},"3":{"line":37,"type":"cond-expr","locations":[{"start":{"line":38,"column":14},"end":{"line":38,"column":20}},{"start":{"line":39,"column":14},"end":{"line":39,"column":20}}]},"4":{"line":41,"type":"binary-expr","locations":[{"start":{"line":41,"column":16},"end":{"line":41,"column":44}},{"start":{"line":41,"column":48},"end":{"line":41,"column":53}}]},"5":{"line":45,"type":"if","locations":[{"start":{"line":45,"column":8},"end":{"line":45,"column":8}},{"start":{"line":45,"column":8},"end":{"line":45,"column":8}}]}},"code":["/* istanbul instrument in package npmtest_punycode */","/*jslint","    bitwise: true,","    browser: true,","    maxerr: 8,","    maxlen: 96,","    node: true,","    nomen: true,","    regexp: true,","    stupid: true","*/","(function () {","    'use strict';","    var local;","","","","    // run shared js-env code - init-before","    (function () {","        // init local","        local = {};","        // init modeJs","        local.modeJs = (function () {","            try {","                return typeof navigator.userAgent === 'string' &&","                    typeof document.querySelector('body') === 'object' &&","                    typeof XMLHttpRequest.prototype.open === 'function' &&","                    'browser';","            } catch (errorCaughtBrowser) {","                return module.exports &&","                    typeof process.versions.node === 'string' &&","                    typeof require('http').createServer === 'function' &&","                    'node';","            }","        }());","        // init global","        local.global = local.modeJs === 'browser'","            ? window","            : global;","        // init utility2_rollup","        local = local.global.utility2_rollup || local;","        // init lib","        local.local = local.npmtest_punycode = local;","        // init exports","        if (local.modeJs === 'browser') {","            local.global.utility2_npmtest_punycode = local;","        } else {","            module.exports = local;","            module.exports.__dirname = __dirname;","            module.exports.module = module;","        }","    }());","}());",""],"l":{"12":2,"14":2,"19":2,"21":2,"23":2,"24":2,"25":2,"30":1,"37":2,"41":2,"43":2,"45":2,"46":1,"48":1,"49":1,"50":1}},"/home/travis/build/npmtest/node-npmtest-punycode/example.js":{"path":"/home/travis/build/npmtest/node-npmtest-punycode/example.js","s":{"1":2,"2":2,"3":2,"4":2,"5":2,"6":2,"7":2,"8":1,"9":2,"10":2,"11":2,"12":2,"13":1,"14":2,"15":2,"16":2,"17":2,"18":2,"19":0,"20":2,"21":1,"22":1,"23":1,"24":1,"25":1,"26":0,"27":0,"28":1,"29":1,"30":2,"31":0,"32":0,"33":0,"34":1,"35":2,"36":2,"37":3,"38":3,"39":3,"40":3,"41":0,"42":3,"43":3,"44":3,"45":1,"46":3,"47":1,"48":1,"49":1,"50":1,"51":1,"52":1,"53":1,"54":1,"55":1,"56":1,"57":0,"58":1,"59":6,"60":6,"61":1,"62":2,"63":0,"64":2,"65":1,"66":1,"67":0,"68":0,"69":0,"70":0,"71":0,"72":0,"73":0,"74":0,"75":0,"76":0,"77":0,"78":0,"79":0,"80":0,"81":0,"82":0,"83":0},"b":{"1":[2,1,1,1],"2":[1,1,1,1],"3":[1,1],"4":[2,2],"5":[1,1],"6":[1,1],"7":[2,0],"8":[2,1,1,1,1,1],"9":[0,2,0],"10":[1,1],"11":[2,1,1],"12":[1,0],"13":[0,2],"14":[2,0,0,0,0,0,0],"15":[0,3],"16":[3,0],"17":[1,1],"18":[0,1],"19":[1,2,0,2],"20":[1,0],"21":[1,1],"22":[0,0],"23":[0,0],"24":[0,0],"25":[0,0],"26":[0,0],"27":[0,0],"28":[0,0]},"f":{"1":2,"2":2,"3":2,"4":2,"5":2,"6":2,"7":3,"8":3,"9":3,"10":1,"11":6,"12":0},"fnMap":{"1":{"name":"(anonymous_1)","line":26,"loc":{"start":{"line":26,"column":1},"end":{"line":26,"column":13}}},"2":{"name":"(anonymous_2)","line":33,"loc":{"start":{"line":33,"column":5},"end":{"line":33,"column":17}}},"3":{"name":"(anonymous_3)","line":37,"loc":{"start":{"line":37,"column":24},"end":{"line":37,"column":36}}},"4":{"name":"(anonymous_4)","line":69,"loc":{"start":{"line":69,"column":31},"end":{"line":69,"column":48}},"skip":true},"5":{"name":"(anonymous_5)","line":78,"loc":{"start":{"line":78,"column":26},"end":{"line":78,"column":45}},"skip":true},"6":{"name":"(anonymous_6)","line":123,"loc":{"start":{"line":123,"column":33},"end":{"line":123,"column":48}},"skip":true},"7":{"name":"(anonymous_7)","line":125,"loc":{"start":{"line":125,"column":27},"end":{"line":125,"column":39}},"skip":true},"8":{"name":"(anonymous_8)","line":133,"loc":{"start":{"line":133,"column":59},"end":{"line":133,"column":74}},"skip":true},"9":{"name":"(anonymous_9)","line":143,"loc":{"start":{"line":143,"column":45},"end":{"line":143,"column":62}},"skip":true},"10":{"name":"(anonymous_10)","line":144,"loc":{"start":{"line":144,"column":73},"end":{"line":144,"column":92}},"skip":true},"11":{"name":"(anonymous_11)","line":272,"loc":{"start":{"line":272,"column":51},"end":{"line":272,"column":77}},"skip":true},"12":{"name":"(anonymous_12)","line":315,"loc":{"start":{"line":315,"column":32},"end":{"line":315,"column":61}},"skip":true}},"statementMap":{"1":{"start":{"line":26,"column":0},"end":{"line":326,"column":5}},"2":{"start":{"line":28,"column":4},"end":{"line":28,"column":14}},"3":{"start":{"line":33,"column":4},"end":{"line":60,"column":9}},"4":{"start":{"line":35,"column":8},"end":{"line":35,"column":19}},"5":{"start":{"line":37,"column":8},"end":{"line":49,"column":13}},"6":{"start":{"line":38,"column":12},"end":{"line":48,"column":13}},"7":{"start":{"line":39,"column":16},"end":{"line":42,"column":30}},"8":{"start":{"line":44,"column":16},"end":{"line":47,"column":27}},"9":{"start":{"line":51,"column":8},"end":{"line":53,"column":21}},"10":{"start":{"line":55,"column":8},"end":{"line":57,"column":45}},"11":{"start":{"line":59,"column":8},"end":{"line":59,"column":35}},"12":{"start":{"line":61,"column":4},"end":{"line":325,"column":5}},"13":{"start":{"line":69,"column":8},"end":{"line":121,"column":10},"skip":true},"14":{"start":{"line":70,"column":12},"end":{"line":88,"column":13},"skip":true},"15":{"start":{"line":76,"column":16},"end":{"line":87,"column":19},"skip":true},"16":{"start":{"line":79,"column":20},"end":{"line":86,"column":21},"skip":true},"17":{"start":{"line":82,"column":24},"end":{"line":82,"column":43},"skip":true},"18":{"start":{"line":83,"column":24},"end":{"line":83,"column":30},"skip":true},"19":{"start":{"line":85,"column":24},"end":{"line":85,"column":49},"skip":true},"20":{"start":{"line":89,"column":12},"end":{"line":107,"column":13},"skip":true},"21":{"start":{"line":92,"column":16},"end":{"line":102,"column":17},"skip":true},"22":{"start":{"line":93,"column":20},"end":{"line":93,"column":86},"skip":true},"23":{"start":{"line":94,"column":20},"end":{"line":95,"column":45},"skip":true},"24":{"start":{"line":96,"column":20},"end":{"line":96,"column":42},"skip":true},"25":{"start":{"line":97,"column":20},"end":{"line":97,"column":48},"skip":true},"26":{"start":{"line":100,"column":20},"end":{"line":100,"column":85},"skip":true},"27":{"start":{"line":101,"column":20},"end":{"line":101,"column":96},"skip":true},"28":{"start":{"line":103,"column":16},"end":{"line":103,"column":22},"skip":true},"29":{"start":{"line":106,"column":16},"end":{"line":106,"column":22},"skip":true},"30":{"start":{"line":108,"column":12},"end":{"line":120,"column":13},"skip":true},"31":{"start":{"line":114,"column":16},"end":{"line":119,"column":17},"skip":true},"32":{"start":{"line":116,"column":20},"end":{"line":116,"column":78},"skip":true},"33":{"start":{"line":118,"column":20},"end":{"line":118,"column":47},"skip":true},"34":{"start":{"line":123,"column":8},"end":{"line":141,"column":11},"skip":true},"35":{"start":{"line":124,"column":12},"end":{"line":124,"column":54},"skip":true},"36":{"start":{"line":125,"column":12},"end":{"line":140,"column":14},"skip":true},"37":{"start":{"line":126,"column":16},"end":{"line":126,"column":28},"skip":true},"38":{"start":{"line":127,"column":16},"end":{"line":127,"column":69},"skip":true},"39":{"start":{"line":128,"column":16},"end":{"line":128,"column":75},"skip":true},"40":{"start":{"line":129,"column":16},"end":{"line":131,"column":17},"skip":true},"41":{"start":{"line":130,"column":20},"end":{"line":130,"column":27},"skip":true},"42":{"start":{"line":133,"column":16},"end":{"line":137,"column":36},"skip":true},"43":{"start":{"line":134,"column":20},"end":{"line":136,"column":55},"skip":true},"44":{"start":{"line":139,"column":16},"end":{"line":139,"column":57},"skip":true},"45":{"start":{"line":143,"column":8},"end":{"line":147,"column":11},"skip":true},"46":{"start":{"line":144,"column":12},"end":{"line":146,"column":15},"skip":true},"47":{"start":{"line":145,"column":16},"end":{"line":145,"column":70},"skip":true},"48":{"start":{"line":149,"column":8},"end":{"line":149,"column":31},"skip":true},"49":{"start":{"line":150,"column":8},"end":{"line":150,"column":14},"skip":true},"50":{"start":{"line":158,"column":8},"end":{"line":158,"column":31},"skip":true},"51":{"start":{"line":160,"column":8},"end":{"line":160,"column":33},"skip":true},"52":{"start":{"line":161,"column":8},"end":{"line":161,"column":37},"skip":true},"53":{"start":{"line":162,"column":8},"end":{"line":162,"column":35},"skip":true},"54":{"start":{"line":164,"column":8},"end":{"line":164,"column":50},"skip":true},"55":{"start":{"line":166,"column":8},"end":{"line":256,"column":2},"skip":true},"56":{"start":{"line":258,"column":8},"end":{"line":286,"column":9},"skip":true},"57":{"start":{"line":259,"column":12},"end":{"line":269,"column":14},"skip":true},"58":{"start":{"line":271,"column":12},"end":{"line":285,"column":19},"skip":true},"59":{"start":{"line":274,"column":20},"end":{"line":274,"column":35},"skip":true},"60":{"start":{"line":275,"column":20},"end":{"line":284,"column":21},"skip":true},"61":{"start":{"line":277,"column":24},"end":{"line":277,"column":64},"skip":true},"62":{"start":{"line":279,"column":24},"end":{"line":279,"column":40},"skip":true},"63":{"start":{"line":281,"column":24},"end":{"line":281,"column":40},"skip":true},"64":{"start":{"line":283,"column":24},"end":{"line":283,"column":39},"skip":true},"65":{"start":{"line":288,"column":8},"end":{"line":290,"column":9},"skip":true},"66":{"start":{"line":289,"column":12},"end":{"line":289,"column":18},"skip":true},"67":{"start":{"line":291,"column":8},"end":{"line":293,"column":54},"skip":true},"68":{"start":{"line":296,"column":8},"end":{"line":301,"column":37},"skip":true},"69":{"start":{"line":303,"column":8},"end":{"line":303,"column":82},"skip":true},"70":{"start":{"line":306,"column":8},"end":{"line":308,"column":9},"skip":true},"71":{"start":{"line":307,"column":12},"end":{"line":307,"column":82},"skip":true},"72":{"start":{"line":310,"column":8},"end":{"line":312,"column":9},"skip":true},"73":{"start":{"line":311,"column":12},"end":{"line":311,"column":18},"skip":true},"74":{"start":{"line":313,"column":8},"end":{"line":313,"column":54},"skip":true},"75":{"start":{"line":314,"column":8},"end":{"line":314,"column":69},"skip":true},"76":{"start":{"line":315,"column":8},"end":{"line":323,"column":36},"skip":true},"77":{"start":{"line":316,"column":12},"end":{"line":316,"column":61},"skip":true},"78":{"start":{"line":317,"column":12},"end":{"line":320,"column":13},"skip":true},"79":{"start":{"line":318,"column":16},"end":{"line":318,"column":75},"skip":true},"80":{"start":{"line":319,"column":16},"end":{"line":319,"column":23},"skip":true},"81":{"start":{"line":321,"column":12},"end":{"line":321,"column":38},"skip":true},"82":{"start":{"line":322,"column":12},"end":{"line":322,"column":27},"skip":true},"83":{"start":{"line":324,"column":8},"end":{"line":324,"column":14},"skip":true}},"branchMap":{"1":{"line":39,"type":"binary-expr","locations":[{"start":{"line":39,"column":23},"end":{"line":39,"column":62}},{"start":{"line":40,"column":20},"end":{"line":40,"column":70}},{"start":{"line":41,"column":20},"end":{"line":41,"column":71}},{"start":{"line":42,"column":20},"end":{"line":42,"column":29}}]},"2":{"line":44,"type":"binary-expr","locations":[{"start":{"line":44,"column":23},"end":{"line":44,"column":37}},{"start":{"line":45,"column":20},"end":{"line":45,"column":61}},{"start":{"line":46,"column":20},"end":{"line":46,"column":70}},{"start":{"line":47,"column":20},"end":{"line":47,"column":26}}]},"3":{"line":51,"type":"cond-expr","locations":[{"start":{"line":52,"column":14},"end":{"line":52,"column":20}},{"start":{"line":53,"column":14},"end":{"line":53,"column":20}}]},"4":{"line":55,"type":"binary-expr","locations":[{"start":{"line":55,"column":16},"end":{"line":55,"column":44}},{"start":{"line":55,"column":49},"end":{"line":57,"column":43}}]},"5":{"line":55,"type":"cond-expr","locations":[{"start":{"line":56,"column":14},"end":{"line":56,"column":52}},{"start":{"line":57,"column":14},"end":{"line":57,"column":43}}]},"6":{"line":61,"type":"switch","locations":[{"start":{"line":68,"column":4},"end":{"line":150,"column":14},"skip":true},{"start":{"line":156,"column":4},"end":{"line":324,"column":14},"skip":true}]},"7":{"line":70,"type":"if","locations":[{"start":{"line":70,"column":12},"end":{"line":70,"column":12},"skip":true},{"start":{"line":70,"column":12},"end":{"line":70,"column":12},"skip":true}]},"8":{"line":70,"type":"binary-expr","locations":[{"start":{"line":70,"column":16},"end":{"line":70,"column":22},"skip":true},{"start":{"line":70,"column":27},"end":{"line":70,"column":32},"skip":true},{"start":{"line":71,"column":20},"end":{"line":71,"column":39},"skip":true},{"start":{"line":72,"column":20},"end":{"line":72,"column":49},"skip":true},{"start":{"line":73,"column":20},"end":{"line":73,"column":58},"skip":true},{"start":{"line":74,"column":20},"end":{"line":74,"column":69},"skip":true}]},"9":{"line":79,"type":"switch","locations":[{"start":{"line":80,"column":20},"end":{"line":80,"column":33},"skip":true},{"start":{"line":81,"column":20},"end":{"line":83,"column":30},"skip":true},{"start":{"line":84,"column":20},"end":{"line":85,"column":49},"skip":true}]},"10":{"line":89,"type":"switch","locations":[{"start":{"line":90,"column":12},"end":{"line":103,"column":22},"skip":true},{"start":{"line":105,"column":12},"end":{"line":106,"column":22},"skip":true}]},"11":{"line":89,"type":"binary-expr","locations":[{"start":{"line":89,"column":20},"end":{"line":89,"column":25},"skip":true},{"start":{"line":89,"column":29},"end":{"line":89,"column":48},"skip":true},{"start":{"line":89,"column":52},"end":{"line":89,"column":74},"skip":true}]},"12":{"line":92,"type":"if","locations":[{"start":{"line":92,"column":16},"end":{"line":92,"column":16},"skip":true},{"start":{"line":92,"column":16},"end":{"line":92,"column":16},"skip":true}]},"13":{"line":108,"type":"if","locations":[{"start":{"line":108,"column":12},"end":{"line":108,"column":12},"skip":true},{"start":{"line":108,"column":12},"end":{"line":108,"column":12},"skip":true}]},"14":{"line":108,"type":"binary-expr","locations":[{"start":{"line":108,"column":16},"end":{"line":108,"column":61},"skip":true},{"start":{"line":108,"column":66},"end":{"line":108,"column":72},"skip":true},{"start":{"line":108,"column":77},"end":{"line":108,"column":82},"skip":true},{"start":{"line":109,"column":20},"end":{"line":109,"column":39},"skip":true},{"start":{"line":110,"column":20},"end":{"line":110,"column":49},"skip":true},{"start":{"line":111,"column":20},"end":{"line":111,"column":58},"skip":true},{"start":{"line":112,"column":20},"end":{"line":112,"column":68},"skip":true}]},"15":{"line":129,"type":"if","locations":[{"start":{"line":129,"column":16},"end":{"line":129,"column":16},"skip":true},{"start":{"line":129,"column":16},"end":{"line":129,"column":16},"skip":true}]},"16":{"line":134,"type":"cond-expr","locations":[{"start":{"line":135,"column":26},"end":{"line":135,"column":29},"skip":true},{"start":{"line":136,"column":26},"end":{"line":136,"column":54},"skip":true}]},"17":{"line":164,"type":"binary-expr","locations":[{"start":{"line":164,"column":27},"end":{"line":164,"column":43},"skip":true},{"start":{"line":164,"column":47},"end":{"line":164,"column":49},"skip":true}]},"18":{"line":258,"type":"if","locations":[{"start":{"line":258,"column":8},"end":{"line":258,"column":8},"skip":true},{"start":{"line":258,"column":8},"end":{"line":258,"column":8},"skip":true}]},"19":{"line":275,"type":"switch","locations":[{"start":{"line":276,"column":20},"end":{"line":277,"column":64},"skip":true},{"start":{"line":278,"column":20},"end":{"line":279,"column":40},"skip":true},{"start":{"line":280,"column":20},"end":{"line":281,"column":40},"skip":true},{"start":{"line":282,"column":20},"end":{"line":283,"column":39},"skip":true}]},"20":{"line":288,"type":"if","locations":[{"start":{"line":288,"column":8},"end":{"line":288,"column":8},"skip":true},{"start":{"line":288,"column":8},"end":{"line":288,"column":8},"skip":true}]},"21":{"line":288,"type":"binary-expr","locations":[{"start":{"line":288,"column":12},"end":{"line":288,"column":40},"skip":true},{"start":{"line":288,"column":44},"end":{"line":288,"column":67},"skip":true}]},"22":{"line":292,"type":"binary-expr","locations":[{"start":{"line":292,"column":12},"end":{"line":292,"column":50},"skip":true},{"start":{"line":293,"column":12},"end":{"line":293,"column":53},"skip":true}]},"23":{"line":297,"type":"binary-expr","locations":[{"start":{"line":297,"column":12},"end":{"line":297,"column":66},"skip":true},{"start":{"line":298,"column":12},"end":{"line":301,"column":36},"skip":true}]},"24":{"line":303,"type":"binary-expr","locations":[{"start":{"line":303,"column":43},"end":{"line":303,"column":75},"skip":true},{"start":{"line":303,"column":79},"end":{"line":303,"column":81},"skip":true}]},"25":{"line":306,"type":"if","locations":[{"start":{"line":306,"column":8},"end":{"line":306,"column":8},"skip":true},{"start":{"line":306,"column":8},"end":{"line":306,"column":8},"skip":true}]},"26":{"line":310,"type":"if","locations":[{"start":{"line":310,"column":8},"end":{"line":310,"column":8},"skip":true},{"start":{"line":310,"column":8},"end":{"line":310,"column":8},"skip":true}]},"27":{"line":313,"type":"binary-expr","locations":[{"start":{"line":313,"column":27},"end":{"line":313,"column":43},"skip":true},{"start":{"line":313,"column":47},"end":{"line":313,"column":53},"skip":true}]},"28":{"line":317,"type":"if","locations":[{"start":{"line":317,"column":12},"end":{"line":317,"column":12},"skip":true},{"start":{"line":317,"column":12},"end":{"line":317,"column":12},"skip":true}]}},"code":["/*","example.js","","quickstart example","","instruction","    1. save this script as example.js","    2. run the shell command:","        $ npm install npmtest-punycode && PORT=8081 node example.js","    3. play with the browser-demo on http://127.0.0.1:8081","*/","","","","/* istanbul instrument in package npmtest_punycode */","/*jslint","    bitwise: true,","    browser: true,","    maxerr: 8,","    maxlen: 96,","    node: true,","    nomen: true,","    regexp: true,","    stupid: true","*/","(function () {","    'use strict';","    var local;","","","","    // run shared js-env code - init-before","    (function () {","        // init local","        local = {};","        // init modeJs","        local.modeJs = (function () {","            try {","                return typeof navigator.userAgent === 'string' &&","                    typeof document.querySelector('body') === 'object' &&","                    typeof XMLHttpRequest.prototype.open === 'function' &&","                    'browser';","            } catch (errorCaughtBrowser) {","                return module.exports &&","                    typeof process.versions.node === 'string' &&","                    typeof require('http').createServer === 'function' &&","                    'node';","            }","        }());","        // init global","        local.global = local.modeJs === 'browser'","            ? window","            : global;","        // init utility2_rollup","        local = local.global.utility2_rollup || (local.modeJs === 'browser'","            ? local.global.utility2_npmtest_punycode","            : global.utility2_moduleExports);","        // export local","        local.global.local = local;","    }());","    switch (local.modeJs) {","","","","    // init-after","    // run browser js-env code - init-after","    /* istanbul ignore next */","    case 'browser':","        local.testRunBrowser = function (event) {","            if (!event || (event &&","                    event.currentTarget &&","                    event.currentTarget.className &&","                    event.currentTarget.className.includes &&","                    event.currentTarget.className.includes('onreset'))) {","                // reset output","                Array.from(","                    document.querySelectorAll('body > .resettable')","                ).forEach(function (element) {","                    switch (element.tagName) {","                    case 'INPUT':","                    case 'TEXTAREA':","                        element.value = '';","                        break;","                    default:","                        element.textContent = '';","                    }","                });","            }","            switch (event && event.currentTarget && event.currentTarget.id) {","            case 'testRunButton1':","                // show tests","                if (document.querySelector('#testReportDiv1').style.display === 'none') {","                    document.querySelector('#testReportDiv1').style.display = 'block';","                    document.querySelector('#testRunButton1').textContent =","                        'hide internal test';","                    local.modeTest = true;","                    local.testRunDefault(local);","                // hide tests","                } else {","                    document.querySelector('#testReportDiv1').style.display = 'none';","                    document.querySelector('#testRunButton1').textContent = 'run internal test';","                }","                break;","            // custom-case","            default:","                break;","            }","            if (document.querySelector('#inputTextareaEval1') && (!event || (event &&","                    event.currentTarget &&","                    event.currentTarget.className &&","                    event.currentTarget.className.includes &&","                    event.currentTarget.className.includes('oneval')))) {","                // try to eval input-code","                try {","                    /*jslint evil: true*/","                    eval(document.querySelector('#inputTextareaEval1').value);","                } catch (errorCaught) {","                    console.error(errorCaught);","                }","            }","        };","        // log stderr and stdout to #outputTextareaStdout1","        ['error', 'log'].forEach(function (key) {","            console[key + '_original'] = console[key];","            console[key] = function () {","                var element;","                console[key + '_original'].apply(console, arguments);","                element = document.querySelector('#outputTextareaStdout1');","                if (!element) {","                    return;","                }","                // append text to #outputTextareaStdout1","                element.value += Array.from(arguments).map(function (arg) {","                    return typeof arg === 'string'","                        ? arg","                        : JSON.stringify(arg, null, 4);","                }).join(' ') + '\\n';","                // scroll textarea to bottom","                element.scrollTop = element.scrollHeight;","            };","        });","        // init event-handling","        ['change', 'click', 'keyup'].forEach(function (event) {","            Array.from(document.querySelectorAll('.on' + event)).forEach(function (element) {","                element.addEventListener(event, local.testRunBrowser);","            });","        });","        // run tests","        local.testRunBrowser();","        break;","","","","    // run node js-env code - init-after","    /* istanbul ignore next */","    case 'node':","        // export local","        module.exports = local;","        // require modules","        local.fs = require('fs');","        local.http = require('http');","        local.url = require('url');","        // init assets","        local.assetsDict = local.assetsDict || {};","        /* jslint-ignore-begin */","        local.assetsDict['/assets.index.template.html'] = '\\","<!doctype html>\\n\\","<html lang=\"en\">\\n\\","<head>\\n\\","<meta charset=\"UTF-8\">\\n\\","<meta name=\"viewport\" content=\"width=device-width, initial-scale=1\">\\n\\","<title>{{env.npm_package_name}} (v{{env.npm_package_version}})</title>\\n\\","<style>\\n\\","/*csslint\\n\\","    box-sizing: false,\\n\\","    universal-selector: false\\n\\","*/\\n\\","* {\\n\\","    box-sizing: border-box;\\n\\","}\\n\\","body {\\n\\","    background: #dde;\\n\\","    font-family: Arial, Helvetica, sans-serif;\\n\\","    margin: 2rem;\\n\\","}\\n\\","body > * {\\n\\","    margin-bottom: 1rem;\\n\\","}\\n\\",".utility2FooterDiv {\\n\\","    margin-top: 20px;\\n\\","    text-align: center;\\n\\","}\\n\\","</style>\\n\\","<style>\\n\\","/*csslint\\n\\","*/\\n\\","textarea {\\n\\","    font-family: monospace;\\n\\","    height: 10rem;\\n\\","    width: 100%;\\n\\","}\\n\\","textarea[readonly] {\\n\\","    background: #ddd;\\n\\","}\\n\\","</style>\\n\\","</head>\\n\\","<body>\\n\\","<!-- utility2-comment\\n\\","<div id=\"ajaxProgressDiv1\" style=\"background: #d00; height: 2px; left: 0; margin: 0; padding: 0; position: fixed; top: 0; transition: background 0.5s, width 1.5s; width: 25%;\"></div>\\n\\","utility2-comment -->\\n\\","<h1>\\n\\","<!-- utility2-comment\\n\\","    <a\\n\\","        {{#if env.npm_package_homepage}}\\n\\","        href=\"{{env.npm_package_homepage}}\"\\n\\","        {{/if env.npm_package_homepage}}\\n\\","        target=\"_blank\"\\n\\","    >\\n\\","utility2-comment -->\\n\\","        {{env.npm_package_name}} (v{{env.npm_package_version}})\\n\\","<!-- utility2-comment\\n\\","    </a>\\n\\","utility2-comment -->\\n\\","</h1>\\n\\","<h3>{{env.npm_package_description}}</h3>\\n\\","<!-- utility2-comment\\n\\","<h4><a download href=\"assets.app.js\">download standalone app</a></h4>\\n\\","<button class=\"onclick onreset\" id=\"testRunButton1\">run internal test</button><br>\\n\\","<div id=\"testReportDiv1\" style=\"display: none;\"></div>\\n\\","utility2-comment -->\\n\\","\\n\\","\\n\\","\\n\\","<label>stderr and stdout</label>\\n\\","<textarea class=\"resettable\" id=\"outputTextareaStdout1\" readonly></textarea>\\n\\","<!-- utility2-comment\\n\\","{{#if isRollup}}\\n\\","<script src=\"assets.app.js\"></script>\\n\\","{{#unless isRollup}}\\n\\","utility2-comment -->\\n\\","<script src=\"assets.utility2.rollup.js\"></script>\\n\\","<script src=\"jsonp.utility2._stateInit?callback=window.utility2._stateInit\"></script>\\n\\","<script src=\"assets.npmtest_punycode.rollup.js\"></script>\\n\\","<script src=\"assets.example.js\"></script>\\n\\","<script src=\"assets.test.js\"></script>\\n\\","<!-- utility2-comment\\n\\","{{/if isRollup}}\\n\\","utility2-comment -->\\n\\","<div class=\"utility2FooterDiv\">\\n\\","    [ this app was created with\\n\\","    <a href=\"https://github.com/kaizhu256/node-utility2\" target=\"_blank\">utility2</a>\\n\\","    ]\\n\\","</div>\\n\\","</body>\\n\\","</html>\\n\\","';","        /* jslint-ignore-end */","        if (local.templateRender) {","            local.assetsDict['/'] = local.templateRender(","                local.assetsDict['/assets.index.template.html'],","                {","                    env: local.objectSetDefault(local.env, {","                        npm_package_description: 'the greatest app in the world!',","                        npm_package_name: 'my-app',","                        npm_package_nameAlias: 'my_app',","                        npm_package_version: '0.0.1'","                    })","                }","            );","        } else {","            local.assetsDict['/'] = local.assetsDict['/assets.index.template.html']","                .replace((/\\{\\{env\\.(\\w+?)\\}\\}/g), function (match0, match1) {","                    // jslint-hack","                    String(match0);","                    switch (match1) {","                    case 'npm_package_description':","                        return 'the greatest app in the world!';","                    case 'npm_package_name':","                        return 'my-app';","                    case 'npm_package_nameAlias':","                        return 'my_app';","                    case 'npm_package_version':","                        return '0.0.1';","                    }","                });","        }","        // run the cli","        if (local.global.utility2_rollup || module !== require.main) {","            break;","        }","        local.assetsDict['/assets.example.js'] =","            local.assetsDict['/assets.example.js'] ||","            local.fs.readFileSync(__filename, 'utf8');","        // bug-workaround - long $npm_package_buildCustomOrg","        /* jslint-ignore-begin */","        local.assetsDict['/assets.npmtest_punycode.rollup.js'] =","            local.assetsDict['/assets.npmtest_punycode.rollup.js'] ||","            local.fs.readFileSync(","                local.npmtest_punycode.__dirname + '/lib.npmtest_punycode.js',","                'utf8'","            ).replace((/^#!/), '//');","        /* jslint-ignore-end */","        local.assetsDict['/favicon.ico'] = local.assetsDict['/favicon.ico'] || '';","        // if $npm_config_timeout_exit exists,","        // then exit this process after $npm_config_timeout_exit ms","        if (Number(process.env.npm_config_timeout_exit)) {","            setTimeout(process.exit, Number(process.env.npm_config_timeout_exit));","        }","        // start server","        if (local.global.utility2_serverHttp1) {","            break;","        }","        process.env.PORT = process.env.PORT || '8081';","        console.error('server starting on port ' + process.env.PORT);","        local.http.createServer(function (request, response) {","            request.urlParsed = local.url.parse(request.url);","            if (local.assetsDict[request.urlParsed.pathname] !== undefined) {","                response.end(local.assetsDict[request.urlParsed.pathname]);","                return;","            }","            response.statusCode = 404;","            response.end();","        }).listen(process.env.PORT);","        break;","    }","}());",""],"l":{"26":2,"28":2,"33":2,"35":2,"37":2,"38":2,"39":2,"44":1,"51":2,"55":2,"59":2,"61":2,"69":1,"70":2,"76":2,"79":2,"82":2,"83":2,"85":1,"89":2,"92":1,"93":1,"94":1,"96":1,"97":1,"100":1,"101":1,"103":1,"106":1,"108":2,"114":1,"116":1,"118":1,"123":1,"124":2,"125":2,"126":3,"127":3,"128":3,"129":3,"130":1,"133":3,"134":3,"139":3,"143":1,"144":3,"145":1,"149":1,"150":1,"158":1,"160":1,"161":1,"162":1,"164":1,"166":1,"258":1,"259":1,"271":1,"274":6,"275":6,"277":1,"279":2,"281":1,"283":2,"288":1,"289":1,"291":1,"296":1,"303":1,"306":1,"307":1,"310":1,"311":1,"313":1,"314":1,"315":1,"316":1,"317":1,"318":1,"319":1,"321":1,"322":1,"324":1}},"/home/travis/build/npmtest/node-npmtest-punycode/node_modules/punycode/punycode.js":{"path":"/home/travis/build/npmtest/node-npmtest-punycode/node_modules/punycode/punycode.js","s":{"1":1,"2":1,"3":1,"4":1,"5":1,"6":1,"7":1,"8":1,"9":1,"10":1,"11":1,"12":1,"13":1,"14":1,"15":1,"16":1,"17":1,"18":0,"19":1,"20":0,"21":0,"22":0,"23":0,"24":0,"25":1,"26":0,"27":0,"28":0,"29":0,"30":0,"31":0,"32":0,"33":0,"34":0,"35":1,"36":0,"37":0,"38":0,"39":0,"40":0,"41":0,"42":0,"43":0,"44":0,"45":0,"46":0,"47":0,"48":0,"49":1,"50":0,"51":1,"52":0,"53":0,"54":0,"55":0,"56":0,"57":0,"58":0,"59":1,"60":0,"61":1,"62":0,"63":0,"64":0,"65":0,"66":0,"67":0,"68":1,"69":0,"70":0,"71":0,"72":0,"73":0,"74":0,"75":0,"76":0,"77":0,"78":0,"79":0,"80":0,"81":0,"82":0,"83":0,"84":0,"85":0,"86":0,"87":0,"88":0,"89":0,"90":0,"91":0,"92":0,"93":0,"94":0,"95":0,"96":0,"97":0,"98":0,"99":0,"100":0,"101":0,"102":0,"103":0,"104":0,"105":1,"106":0,"107":0,"108":0,"109":0,"110":0,"111":0,"112":0,"113":0,"114":0,"115":0,"116":0,"117":0,"118":0,"119":0,"120":0,"121":0,"122":0,"123":0,"124":0,"125":0,"126":0,"127":0,"128":0,"129":0,"130":0,"131":0,"132":0,"133":0,"134":0,"135":0,"136":0,"137":0,"138":0,"139":0,"140":0,"141":0,"142":0,"143":0,"144":0,"145":0,"146":0,"147":0,"148":0,"149":1,"150":0,"151":0,"152":1,"153":0,"154":0,"155":1,"156":1},"b":{"1":[0,0],"2":[0,0],"3":[0,0,0],"4":[0,0],"5":[0,0],"6":[0,0],"7":[0,0],"8":[0,0],"9":[0,0],"10":[0,0],"11":[0,0],"12":[0,0],"13":[0,0],"14":[0,0],"15":[0,0],"16":[0,0],"17":[0,0],"18":[0,0],"19":[0,0],"20":[0,0],"21":[0,0],"22":[0,0],"23":[0,0],"24":[0,0],"25":[0,0],"26":[0,0],"27":[0,0],"28":[0,0],"29":[0,0],"30":[0,0],"31":[0,0]},"f":{"1":0,"2":0,"3":0,"4":0,"5":0,"6":0,"7":0,"8":0,"9":0,"10":0,"11":0,"12":0,"13":0},"fnMap":{"1":{"name":"error","line":41,"loc":{"start":{"line":41,"column":0},"end":{"line":41,"column":21}}},"2":{"name":"map","line":53,"loc":{"start":{"line":53,"column":0},"end":{"line":53,"column":24}}},"3":{"name":"mapDomain","line":72,"loc":{"start":{"line":72,"column":0},"end":{"line":72,"column":31}}},"4":{"name":"ucs2decode","line":101,"loc":{"start":{"line":101,"column":0},"end":{"line":101,"column":28}}},"5":{"name":"(anonymous_5)","line":144,"loc":{"start":{"line":144,"column":21},"end":{"line":144,"column":41}}},"6":{"name":"(anonymous_6)","line":168,"loc":{"start":{"line":168,"column":21},"end":{"line":168,"column":43}}},"7":{"name":"(anonymous_7)","line":179,"loc":{"start":{"line":179,"column":14},"end":{"line":179,"column":52}}},"8":{"name":"(anonymous_8)","line":196,"loc":{"start":{"line":196,"column":15},"end":{"line":196,"column":31}}},"9":{"name":"(anonymous_9)","line":287,"loc":{"start":{"line":287,"column":15},"end":{"line":287,"column":31}}},"10":{"name":"(anonymous_10)","line":386,"loc":{"start":{"line":386,"column":18},"end":{"line":386,"column":34}}},"11":{"name":"(anonymous_11)","line":387,"loc":{"start":{"line":387,"column":25},"end":{"line":387,"column":42}}},"12":{"name":"(anonymous_12)","line":405,"loc":{"start":{"line":405,"column":16},"end":{"line":405,"column":32}}},"13":{"name":"(anonymous_13)","line":406,"loc":{"start":{"line":406,"column":25},"end":{"line":406,"column":42}}}},"statementMap":{"1":{"start":{"line":4,"column":0},"end":{"line":4,"column":26}},"2":{"start":{"line":7,"column":0},"end":{"line":7,"column":16}},"3":{"start":{"line":8,"column":0},"end":{"line":8,"column":15}},"4":{"start":{"line":9,"column":0},"end":{"line":9,"column":16}},"5":{"start":{"line":10,"column":0},"end":{"line":10,"column":16}},"6":{"start":{"line":11,"column":0},"end":{"line":11,"column":17}},"7":{"start":{"line":12,"column":0},"end":{"line":12,"column":23}},"8":{"start":{"line":13,"column":0},"end":{"line":13,"column":21}},"9":{"start":{"line":14,"column":0},"end":{"line":14,"column":22}},"10":{"start":{"line":17,"column":0},"end":{"line":17,"column":30}},"11":{"start":{"line":18,"column":0},"end":{"line":18,"column":35}},"12":{"start":{"line":19,"column":0},"end":{"line":19,"column":52}},"13":{"start":{"line":22,"column":0},"end":{"line":26,"column":2}},"14":{"start":{"line":29,"column":0},"end":{"line":29,"column":34}},"15":{"start":{"line":30,"column":0},"end":{"line":30,"column":25}},"16":{"start":{"line":31,"column":0},"end":{"line":31,"column":47}},"17":{"start":{"line":41,"column":0},"end":{"line":43,"column":1}},"18":{"start":{"line":42,"column":1},"end":{"line":42,"column":36}},"19":{"start":{"line":53,"column":0},"end":{"line":60,"column":1}},"20":{"start":{"line":54,"column":1},"end":{"line":54,"column":19}},"21":{"start":{"line":55,"column":1},"end":{"line":55,"column":27}},"22":{"start":{"line":56,"column":1},"end":{"line":58,"column":2}},"23":{"start":{"line":57,"column":2},"end":{"line":57,"column":37}},"24":{"start":{"line":59,"column":1},"end":{"line":59,"column":15}},"25":{"start":{"line":72,"column":0},"end":{"line":86,"column":1}},"26":{"start":{"line":73,"column":1},"end":{"line":73,"column":33}},"27":{"start":{"line":74,"column":1},"end":{"line":74,"column":17}},"28":{"start":{"line":75,"column":1},"end":{"line":80,"column":2}},"29":{"start":{"line":78,"column":2},"end":{"line":78,"column":26}},"30":{"start":{"line":79,"column":2},"end":{"line":79,"column":20}},"31":{"start":{"line":82,"column":1},"end":{"line":82,"column":50}},"32":{"start":{"line":83,"column":1},"end":{"line":83,"column":34}},"33":{"start":{"line":84,"column":1},"end":{"line":84,"column":43}},"34":{"start":{"line":85,"column":1},"end":{"line":85,"column":25}},"35":{"start":{"line":101,"column":0},"end":{"line":123,"column":1}},"36":{"start":{"line":102,"column":1},"end":{"line":102,"column":19}},"37":{"start":{"line":103,"column":1},"end":{"line":103,"column":17}},"38":{"start":{"line":104,"column":1},"end":{"line":104,"column":30}},"39":{"start":{"line":105,"column":1},"end":{"line":121,"column":2}},"40":{"start":{"line":106,"column":2},"end":{"line":106,"column":45}},"41":{"start":{"line":107,"column":2},"end":{"line":120,"column":3}},"42":{"start":{"line":109,"column":3},"end":{"line":109,"column":46}},"43":{"start":{"line":110,"column":3},"end":{"line":117,"column":4}},"44":{"start":{"line":111,"column":4},"end":{"line":111,"column":69}},"45":{"start":{"line":115,"column":4},"end":{"line":115,"column":23}},"46":{"start":{"line":116,"column":4},"end":{"line":116,"column":14}},"47":{"start":{"line":119,"column":3},"end":{"line":119,"column":22}},"48":{"start":{"line":122,"column":1},"end":{"line":122,"column":15}},"49":{"start":{"line":133,"column":0},"end":{"line":133,"column":59}},"50":{"start":{"line":133,"column":28},"end":{"line":133,"column":58}},"51":{"start":{"line":144,"column":0},"end":{"line":155,"column":2}},"52":{"start":{"line":145,"column":1},"end":{"line":147,"column":2}},"53":{"start":{"line":146,"column":2},"end":{"line":146,"column":26}},"54":{"start":{"line":148,"column":1},"end":{"line":150,"column":2}},"55":{"start":{"line":149,"column":2},"end":{"line":149,"column":26}},"56":{"start":{"line":151,"column":1},"end":{"line":153,"column":2}},"57":{"start":{"line":152,"column":2},"end":{"line":152,"column":26}},"58":{"start":{"line":154,"column":1},"end":{"line":154,"column":13}},"59":{"start":{"line":168,"column":0},"end":{"line":172,"column":2}},"60":{"start":{"line":171,"column":1},"end":{"line":171,"column":60}},"61":{"start":{"line":179,"column":0},"end":{"line":187,"column":2}},"62":{"start":{"line":180,"column":1},"end":{"line":180,"column":11}},"63":{"start":{"line":181,"column":1},"end":{"line":181,"column":54}},"64":{"start":{"line":182,"column":1},"end":{"line":182,"column":35}},"65":{"start":{"line":183,"column":1},"end":{"line":185,"column":2}},"66":{"start":{"line":184,"column":2},"end":{"line":184,"column":39}},"67":{"start":{"line":186,"column":1},"end":{"line":186,"column":64}},"68":{"start":{"line":196,"column":0},"end":{"line":278,"column":2}},"69":{"start":{"line":198,"column":1},"end":{"line":198,"column":19}},"70":{"start":{"line":199,"column":1},"end":{"line":199,"column":34}},"71":{"start":{"line":200,"column":1},"end":{"line":200,"column":11}},"72":{"start":{"line":201,"column":1},"end":{"line":201,"column":18}},"73":{"start":{"line":202,"column":1},"end":{"line":202,"column":24}},"74":{"start":{"line":208,"column":1},"end":{"line":208,"column":42}},"75":{"start":{"line":209,"column":1},"end":{"line":211,"column":2}},"76":{"start":{"line":210,"column":2},"end":{"line":210,"column":12}},"77":{"start":{"line":213,"column":1},"end":{"line":219,"column":2}},"78":{"start":{"line":215,"column":2},"end":{"line":217,"column":3}},"79":{"start":{"line":216,"column":3},"end":{"line":216,"column":22}},"80":{"start":{"line":218,"column":2},"end":{"line":218,"column":35}},"81":{"start":{"line":224,"column":1},"end":{"line":275,"column":2}},"82":{"start":{"line":231,"column":2},"end":{"line":231,"column":15}},"83":{"start":{"line":232,"column":2},"end":{"line":258,"column":3}},"84":{"start":{"line":234,"column":3},"end":{"line":236,"column":4}},"85":{"start":{"line":235,"column":4},"end":{"line":235,"column":27}},"86":{"start":{"line":238,"column":3},"end":{"line":238,"column":57}},"87":{"start":{"line":240,"column":3},"end":{"line":242,"column":4}},"88":{"start":{"line":241,"column":4},"end":{"line":241,"column":22}},"89":{"start":{"line":244,"column":3},"end":{"line":244,"column":18}},"90":{"start":{"line":245,"column":3},"end":{"line":245,"column":69}},"91":{"start":{"line":247,"column":3},"end":{"line":249,"column":4}},"92":{"start":{"line":248,"column":4},"end":{"line":248,"column":10}},"93":{"start":{"line":251,"column":3},"end":{"line":251,"column":31}},"94":{"start":{"line":252,"column":3},"end":{"line":254,"column":4}},"95":{"start":{"line":253,"column":4},"end":{"line":253,"column":22}},"96":{"start":{"line":256,"column":3},"end":{"line":256,"column":19}},"97":{"start":{"line":260,"column":2},"end":{"line":260,"column":32}},"98":{"start":{"line":261,"column":2},"end":{"line":261,"column":41}},"99":{"start":{"line":265,"column":2},"end":{"line":267,"column":3}},"100":{"start":{"line":266,"column":3},"end":{"line":266,"column":21}},"101":{"start":{"line":269,"column":2},"end":{"line":269,"column":22}},"102":{"start":{"line":270,"column":2},"end":{"line":270,"column":11}},"103":{"start":{"line":273,"column":2},"end":{"line":273,"column":27}},"104":{"start":{"line":277,"column":1},"end":{"line":277,"column":40}},"105":{"start":{"line":287,"column":0},"end":{"line":373,"column":2}},"106":{"start":{"line":288,"column":1},"end":{"line":288,"column":19}},"107":{"start":{"line":291,"column":1},"end":{"line":291,"column":27}},"108":{"start":{"line":294,"column":1},"end":{"line":294,"column":32}},"109":{"start":{"line":297,"column":1},"end":{"line":297,"column":18}},"110":{"start":{"line":298,"column":1},"end":{"line":298,"column":15}},"111":{"start":{"line":299,"column":1},"end":{"line":299,"column":24}},"112":{"start":{"line":302,"column":1},"end":{"line":306,"column":2}},"113":{"start":{"line":303,"column":2},"end":{"line":305,"column":3}},"114":{"start":{"line":304,"column":3},"end":{"line":304,"column":49}},"115":{"start":{"line":308,"column":1},"end":{"line":308,"column":33}},"116":{"start":{"line":309,"column":1},"end":{"line":309,"column":34}},"117":{"start":{"line":315,"column":1},"end":{"line":317,"column":2}},"118":{"start":{"line":316,"column":2},"end":{"line":316,"column":25}},"119":{"start":{"line":320,"column":1},"end":{"line":371,"column":2}},"120":{"start":{"line":324,"column":2},"end":{"line":324,"column":17}},"121":{"start":{"line":325,"column":2},"end":{"line":329,"column":3}},"122":{"start":{"line":326,"column":3},"end":{"line":328,"column":4}},"123":{"start":{"line":327,"column":4},"end":{"line":327,"column":21}},"124":{"start":{"line":333,"column":2},"end":{"line":333,"column":51}},"125":{"start":{"line":334,"column":2},"end":{"line":336,"column":3}},"126":{"start":{"line":335,"column":3},"end":{"line":335,"column":21}},"127":{"start":{"line":338,"column":2},"end":{"line":338,"column":43}},"128":{"start":{"line":339,"column":2},"end":{"line":339,"column":8}},"129":{"start":{"line":341,"column":2},"end":{"line":366,"column":3}},"130":{"start":{"line":342,"column":3},"end":{"line":344,"column":4}},"131":{"start":{"line":343,"column":4},"end":{"line":343,"column":22}},"132":{"start":{"line":345,"column":3},"end":{"line":365,"column":4}},"133":{"start":{"line":347,"column":4},"end":{"line":347,"column":18}},"134":{"start":{"line":348,"column":4},"end":{"line":359,"column":5}},"135":{"start":{"line":349,"column":5},"end":{"line":349,"column":71}},"136":{"start":{"line":350,"column":5},"end":{"line":352,"column":6}},"137":{"start":{"line":351,"column":6},"end":{"line":351,"column":12}},"138":{"start":{"line":353,"column":5},"end":{"line":353,"column":27}},"139":{"start":{"line":354,"column":5},"end":{"line":354,"column":33}},"140":{"start":{"line":355,"column":5},"end":{"line":357,"column":7}},"141":{"start":{"line":358,"column":5},"end":{"line":358,"column":37}},"142":{"start":{"line":361,"column":4},"end":{"line":361,"column":56}},"143":{"start":{"line":362,"column":4},"end":{"line":362,"column":78}},"144":{"start":{"line":363,"column":4},"end":{"line":363,"column":14}},"145":{"start":{"line":364,"column":4},"end":{"line":364,"column":21}},"146":{"start":{"line":368,"column":2},"end":{"line":368,"column":10}},"147":{"start":{"line":369,"column":2},"end":{"line":369,"column":6}},"148":{"start":{"line":372,"column":1},"end":{"line":372,"column":24}},"149":{"start":{"line":386,"column":0},"end":{"line":392,"column":2}},"150":{"start":{"line":387,"column":1},"end":{"line":391,"column":4}},"151":{"start":{"line":388,"column":2},"end":{"line":390,"column":12}},"152":{"start":{"line":405,"column":0},"end":{"line":411,"column":2}},"153":{"start":{"line":406,"column":1},"end":{"line":410,"column":4}},"154":{"start":{"line":407,"column":2},"end":{"line":409,"column":12}},"155":{"start":{"line":416,"column":0},"end":{"line":438,"column":2}},"156":{"start":{"line":440,"column":0},"end":{"line":440,"column":26}}},"branchMap":{"1":{"line":75,"type":"if","locations":[{"start":{"line":75,"column":1},"end":{"line":75,"column":1}},{"start":{"line":75,"column":1},"end":{"line":75,"column":1}}]},"2":{"line":107,"type":"if","locations":[{"start":{"line":107,"column":2},"end":{"line":107,"column":2}},{"start":{"line":107,"column":2},"end":{"line":107,"column":2}}]},"3":{"line":107,"type":"binary-expr","locations":[{"start":{"line":107,"column":6},"end":{"line":107,"column":21}},{"start":{"line":107,"column":25},"end":{"line":107,"column":40}},{"start":{"line":107,"column":44},"end":{"line":107,"column":60}}]},"4":{"line":110,"type":"if","locations":[{"start":{"line":110,"column":3},"end":{"line":110,"column":3}},{"start":{"line":110,"column":3},"end":{"line":110,"column":3}}]},"5":{"line":145,"type":"if","locations":[{"start":{"line":145,"column":1},"end":{"line":145,"column":1}},{"start":{"line":145,"column":1},"end":{"line":145,"column":1}}]},"6":{"line":148,"type":"if","locations":[{"start":{"line":148,"column":1},"end":{"line":148,"column":1}},{"start":{"line":148,"column":1},"end":{"line":148,"column":1}}]},"7":{"line":151,"type":"if","locations":[{"start":{"line":151,"column":1},"end":{"line":151,"column":1}},{"start":{"line":151,"column":1},"end":{"line":151,"column":1}}]},"8":{"line":181,"type":"cond-expr","locations":[{"start":{"line":181,"column":21},"end":{"line":181,"column":40}},{"start":{"line":181,"column":43},"end":{"line":181,"column":53}}]},"9":{"line":209,"type":"if","locations":[{"start":{"line":209,"column":1},"end":{"line":209,"column":1}},{"start":{"line":209,"column":1},"end":{"line":209,"column":1}}]},"10":{"line":215,"type":"if","locations":[{"start":{"line":215,"column":2},"end":{"line":215,"column":2}},{"start":{"line":215,"column":2},"end":{"line":215,"column":2}}]},"11":{"line":234,"type":"if","locations":[{"start":{"line":234,"column":3},"end":{"line":234,"column":3}},{"start":{"line":234,"column":3},"end":{"line":234,"column":3}}]},"12":{"line":240,"type":"if","locations":[{"start":{"line":240,"column":3},"end":{"line":240,"column":3}},{"start":{"line":240,"column":3},"end":{"line":240,"column":3}}]},"13":{"line":240,"type":"binary-expr","locations":[{"start":{"line":240,"column":7},"end":{"line":240,"column":20}},{"start":{"line":240,"column":24},"end":{"line":240,"column":55}}]},"14":{"line":245,"type":"cond-expr","locations":[{"start":{"line":245,"column":25},"end":{"line":245,"column":29}},{"start":{"line":245,"column":33},"end":{"line":245,"column":67}}]},"15":{"line":245,"type":"cond-expr","locations":[{"start":{"line":245,"column":52},"end":{"line":245,"column":56}},{"start":{"line":245,"column":59},"end":{"line":245,"column":67}}]},"16":{"line":247,"type":"if","locations":[{"start":{"line":247,"column":3},"end":{"line":247,"column":3}},{"start":{"line":247,"column":3},"end":{"line":247,"column":3}}]},"17":{"line":252,"type":"if","locations":[{"start":{"line":252,"column":3},"end":{"line":252,"column":3}},{"start":{"line":252,"column":3},"end":{"line":252,"column":3}}]},"18":{"line":265,"type":"if","locations":[{"start":{"line":265,"column":2},"end":{"line":265,"column":2}},{"start":{"line":265,"column":2},"end":{"line":265,"column":2}}]},"19":{"line":303,"type":"if","locations":[{"start":{"line":303,"column":2},"end":{"line":303,"column":2}},{"start":{"line":303,"column":2},"end":{"line":303,"column":2}}]},"20":{"line":315,"type":"if","locations":[{"start":{"line":315,"column":1},"end":{"line":315,"column":1}},{"start":{"line":315,"column":1},"end":{"line":315,"column":1}}]},"21":{"line":326,"type":"if","locations":[{"start":{"line":326,"column":3},"end":{"line":326,"column":3}},{"start":{"line":326,"column":3},"end":{"line":326,"column":3}}]},"22":{"line":326,"type":"binary-expr","locations":[{"start":{"line":326,"column":7},"end":{"line":326,"column":24}},{"start":{"line":326,"column":28},"end":{"line":326,"column":44}}]},"23":{"line":334,"type":"if","locations":[{"start":{"line":334,"column":2},"end":{"line":334,"column":2}},{"start":{"line":334,"column":2},"end":{"line":334,"column":2}}]},"24":{"line":342,"type":"if","locations":[{"start":{"line":342,"column":3},"end":{"line":342,"column":3}},{"start":{"line":342,"column":3},"end":{"line":342,"column":3}}]},"25":{"line":342,"type":"binary-expr","locations":[{"start":{"line":342,"column":7},"end":{"line":342,"column":23}},{"start":{"line":342,"column":27},"end":{"line":342,"column":43}}]},"26":{"line":345,"type":"if","locations":[{"start":{"line":345,"column":3},"end":{"line":345,"column":3}},{"start":{"line":345,"column":3},"end":{"line":345,"column":3}}]},"27":{"line":349,"type":"cond-expr","locations":[{"start":{"line":349,"column":27},"end":{"line":349,"column":31}},{"start":{"line":349,"column":35},"end":{"line":349,"column":69}}]},"28":{"line":349,"type":"cond-expr","locations":[{"start":{"line":349,"column":54},"end":{"line":349,"column":58}},{"start":{"line":349,"column":61},"end":{"line":349,"column":69}}]},"29":{"line":350,"type":"if","locations":[{"start":{"line":350,"column":5},"end":{"line":350,"column":5}},{"start":{"line":350,"column":5},"end":{"line":350,"column":5}}]},"30":{"line":388,"type":"cond-expr","locations":[{"start":{"line":389,"column":5},"end":{"line":389,"column":42}},{"start":{"line":390,"column":5},"end":{"line":390,"column":11}}]},"31":{"line":407,"type":"cond-expr","locations":[{"start":{"line":408,"column":5},"end":{"line":408,"column":28}},{"start":{"line":409,"column":5},"end":{"line":409,"column":11}}]}},"code":["'use strict';","","/** Highest positive signed 32-bit float value */","const maxInt = 2147483647; // aka. 0x7FFFFFFF or 2^31-1","","/** Bootstring parameters */","const base = 36;","const tMin = 1;","const tMax = 26;","const skew = 38;","const damp = 700;","const initialBias = 72;","const initialN = 128; // 0x80","const delimiter = '-'; // '\\x2D'","","/** Regular expressions */","const regexPunycode = /^xn--/;","const regexNonASCII = /[^\\0-\\x7E]/; // non-ASCII chars","const regexSeparators = /[\\x2E\\u3002\\uFF0E\\uFF61]/g; // RFC 3490 separators","","/** Error messages */","const errors = {","\t'overflow': 'Overflow: input needs wider integers to process',","\t'not-basic': 'Illegal input >= 0x80 (not a basic code point)',","\t'invalid-input': 'Invalid input'","};","","/** Convenience shortcuts */","const baseMinusTMin = base - tMin;","const floor = Math.floor;","const stringFromCharCode = String.fromCharCode;","","/*--------------------------------------------------------------------------*/","","/**"," * A generic error utility function."," * @private"," * @param {String} type The error type."," * @returns {Error} Throws a `RangeError` with the applicable error message."," */","function error(type) {","\tthrow new RangeError(errors[type]);","}","","/**"," * A generic `Array#map` utility function."," * @private"," * @param {Array} array The array to iterate over."," * @param {Function} callback The function that gets called for every array"," * item."," * @returns {Array} A new array of values returned by the callback function."," */","function map(array, fn) {","\tconst result = [];","\tlet length = array.length;","\twhile (length--) {","\t\tresult[length] = fn(array[length]);","\t}","\treturn result;","}","","/**"," * A simple `Array#map`-like wrapper to work with domain name strings or email"," * addresses."," * @private"," * @param {String} domain The domain name or email address."," * @param {Function} callback The function that gets called for every"," * character."," * @returns {Array} A new string of characters returned by the callback"," * function."," */","function mapDomain(string, fn) {","\tconst parts = string.split('@');","\tlet result = '';","\tif (parts.length > 1) {","\t\t// In email addresses, only the domain name should be punycoded. Leave","\t\t// the local part (i.e. everything up to `@`) intact.","\t\tresult = parts[0] + '@';","\t\tstring = parts[1];","\t}","\t// Avoid `split(regex)` for IE8 compatibility. See #17.","\tstring = string.replace(regexSeparators, '\\x2E');","\tconst labels = string.split('.');","\tconst encoded = map(labels, fn).join('.');","\treturn result + encoded;","}","","/**"," * Creates an array containing the numeric code points of each Unicode"," * character in the string. While JavaScript uses UCS-2 internally,"," * this function will convert a pair of surrogate halves (each of which"," * UCS-2 exposes as separate characters) into a single code point,"," * matching UTF-16."," * @see `punycode.ucs2.encode`"," * @see <https://mathiasbynens.be/notes/javascript-encoding>"," * @memberOf punycode.ucs2"," * @name decode"," * @param {String} string The Unicode input string (UCS-2)."," * @returns {Array} The new array of code points."," */","function ucs2decode(string) {","\tconst output = [];","\tlet counter = 0;","\tconst length = string.length;","\twhile (counter < length) {","\t\tconst value = string.charCodeAt(counter++);","\t\tif (value >= 0xD800 && value <= 0xDBFF && counter < length) {","\t\t\t// It's a high surrogate, and there is a next character.","\t\t\tconst extra = string.charCodeAt(counter++);","\t\t\tif ((extra & 0xFC00) == 0xDC00) { // Low surrogate.","\t\t\t\toutput.push(((value & 0x3FF) << 10) + (extra & 0x3FF) + 0x10000);","\t\t\t} else {","\t\t\t\t// It's an unmatched surrogate; only append this code unit, in case the","\t\t\t\t// next code unit is the high surrogate of a surrogate pair.","\t\t\t\toutput.push(value);","\t\t\t\tcounter--;","\t\t\t}","\t\t} else {","\t\t\toutput.push(value);","\t\t}","\t}","\treturn output;","}","","/**"," * Creates a string based on an array of numeric code points."," * @see `punycode.ucs2.decode`"," * @memberOf punycode.ucs2"," * @name encode"," * @param {Array} codePoints The array of numeric code points."," * @returns {String} The new Unicode string (UCS-2)."," */","const ucs2encode = array => String.fromCodePoint(...array);","","/**"," * Converts a basic code point into a digit/integer."," * @see `digitToBasic()`"," * @private"," * @param {Number} codePoint The basic numeric code point value."," * @returns {Number} The numeric value of a basic code point (for use in"," * representing integers) in the range `0` to `base - 1`, or `base` if"," * the code point does not represent a value."," */","const basicToDigit = function(codePoint) {","\tif (codePoint - 0x30 < 0x0A) {","\t\treturn codePoint - 0x16;","\t}","\tif (codePoint - 0x41 < 0x1A) {","\t\treturn codePoint - 0x41;","\t}","\tif (codePoint - 0x61 < 0x1A) {","\t\treturn codePoint - 0x61;","\t}","\treturn base;","};","","/**"," * Converts a digit/integer into a basic code point."," * @see `basicToDigit()`"," * @private"," * @param {Number} digit The numeric value of a basic code point."," * @returns {Number} The basic code point whose value (when used for"," * representing integers) is `digit`, which needs to be in the range"," * `0` to `base - 1`. If `flag` is non-zero, the uppercase form is"," * used; else, the lowercase form is used. The behavior is undefined"," * if `flag` is non-zero and `digit` has no uppercase form."," */","const digitToBasic = function(digit, flag) {","\t//  0..25 map to ASCII a..z or A..Z","\t// 26..35 map to ASCII 0..9","\treturn digit + 22 + 75 * (digit < 26) - ((flag != 0) << 5);","};","","/**"," * Bias adaptation function as per section 3.4 of RFC 3492."," * https://tools.ietf.org/html/rfc3492#section-3.4"," * @private"," */","const adapt = function(delta, numPoints, firstTime) {","\tlet k = 0;","\tdelta = firstTime ? floor(delta / damp) : delta >> 1;","\tdelta += floor(delta / numPoints);","\tfor (/* no initialization */; delta > baseMinusTMin * tMax >> 1; k += base) {","\t\tdelta = floor(delta / baseMinusTMin);","\t}","\treturn floor(k + (baseMinusTMin + 1) * delta / (delta + skew));","};","","/**"," * Converts a Punycode string of ASCII-only symbols to a string of Unicode"," * symbols."," * @memberOf punycode"," * @param {String} input The Punycode string of ASCII-only symbols."," * @returns {String} The resulting string of Unicode symbols."," */","const decode = function(input) {","\t// Don't use UCS-2.","\tconst output = [];","\tconst inputLength = input.length;","\tlet i = 0;","\tlet n = initialN;","\tlet bias = initialBias;","","\t// Handle the basic code points: let `basic` be the number of input code","\t// points before the last delimiter, or `0` if there is none, then copy","\t// the first basic code points to the output.","","\tlet basic = input.lastIndexOf(delimiter);","\tif (basic < 0) {","\t\tbasic = 0;","\t}","","\tfor (let j = 0; j < basic; ++j) {","\t\t// if it's not a basic code point","\t\tif (input.charCodeAt(j) >= 0x80) {","\t\t\terror('not-basic');","\t\t}","\t\toutput.push(input.charCodeAt(j));","\t}","","\t// Main decoding loop: start just after the last delimiter if any basic code","\t// points were copied; start at the beginning otherwise.","","\tfor (let index = basic > 0 ? basic + 1 : 0; index < inputLength; /* no final expression */) {","","\t\t// `index` is the index of the next character to be consumed.","\t\t// Decode a generalized variable-length integer into `delta`,","\t\t// which gets added to `i`. The overflow checking is easier","\t\t// if we increase `i` as we go, then subtract off its starting","\t\t// value at the end to obtain `delta`.","\t\tlet oldi = i;","\t\tfor (let w = 1, k = base; /* no condition */; k += base) {","","\t\t\tif (index >= inputLength) {","\t\t\t\terror('invalid-input');","\t\t\t}","","\t\t\tconst digit = basicToDigit(input.charCodeAt(index++));","","\t\t\tif (digit >= base || digit > floor((maxInt - i) / w)) {","\t\t\t\terror('overflow');","\t\t\t}","","\t\t\ti += digit * w;","\t\t\tconst t = k <= bias ? tMin : (k >= bias + tMax ? tMax : k - bias);","","\t\t\tif (digit < t) {","\t\t\t\tbreak;","\t\t\t}","","\t\t\tconst baseMinusT = base - t;","\t\t\tif (w > floor(maxInt / baseMinusT)) {","\t\t\t\terror('overflow');","\t\t\t}","","\t\t\tw *= baseMinusT;","","\t\t}","","\t\tconst out = output.length + 1;","\t\tbias = adapt(i - oldi, out, oldi == 0);","","\t\t// `i` was supposed to wrap around from `out` to `0`,","\t\t// incrementing `n` each time, so we'll fix that now:","\t\tif (floor(i / out) > maxInt - n) {","\t\t\terror('overflow');","\t\t}","","\t\tn += floor(i / out);","\t\ti %= out;","","\t\t// Insert `n` at position `i` of the output.","\t\toutput.splice(i++, 0, n);","","\t}","","\treturn String.fromCodePoint(...output);","};","","/**"," * Converts a string of Unicode symbols (e.g. a domain name label) to a"," * Punycode string of ASCII-only symbols."," * @memberOf punycode"," * @param {String} input The string of Unicode symbols."," * @returns {String} The resulting Punycode string of ASCII-only symbols."," */","const encode = function(input) {","\tconst output = [];","","\t// Convert the input in UCS-2 to an array of Unicode code points.","\tinput = ucs2decode(input);","","\t// Cache the length.","\tlet inputLength = input.length;","","\t// Initialize the state.","\tlet n = initialN;","\tlet delta = 0;","\tlet bias = initialBias;","","\t// Handle the basic code points.","\tfor (const currentValue of input) {","\t\tif (currentValue < 0x80) {","\t\t\toutput.push(stringFromCharCode(currentValue));","\t\t}","\t}","","\tlet basicLength = output.length;","\tlet handledCPCount = basicLength;","","\t// `handledCPCount` is the number of code points that have been handled;","\t// `basicLength` is the number of basic code points.","","\t// Finish the basic string with a delimiter unless it's empty.","\tif (basicLength) {","\t\toutput.push(delimiter);","\t}","","\t// Main encoding loop:","\twhile (handledCPCount < inputLength) {","","\t\t// All non-basic code points < n have been handled already. Find the next","\t\t// larger one:","\t\tlet m = maxInt;","\t\tfor (const currentValue of input) {","\t\t\tif (currentValue >= n && currentValue < m) {","\t\t\t\tm = currentValue;","\t\t\t}","\t\t}","","\t\t// Increase `delta` enough to advance the decoder's <n,i> state to <m,0>,","\t\t// but guard against overflow.","\t\tconst handledCPCountPlusOne = handledCPCount + 1;","\t\tif (m - n > floor((maxInt - delta) / handledCPCountPlusOne)) {","\t\t\terror('overflow');","\t\t}","","\t\tdelta += (m - n) * handledCPCountPlusOne;","\t\tn = m;","","\t\tfor (const currentValue of input) {","\t\t\tif (currentValue < n && ++delta > maxInt) {","\t\t\t\terror('overflow');","\t\t\t}","\t\t\tif (currentValue == n) {","\t\t\t\t// Represent delta as a generalized variable-length integer.","\t\t\t\tlet q = delta;","\t\t\t\tfor (let k = base; /* no condition */; k += base) {","\t\t\t\t\tconst t = k <= bias ? tMin : (k >= bias + tMax ? tMax : k - bias);","\t\t\t\t\tif (q < t) {","\t\t\t\t\t\tbreak;","\t\t\t\t\t}","\t\t\t\t\tconst qMinusT = q - t;","\t\t\t\t\tconst baseMinusT = base - t;","\t\t\t\t\toutput.push(","\t\t\t\t\t\tstringFromCharCode(digitToBasic(t + qMinusT % baseMinusT, 0))","\t\t\t\t\t);","\t\t\t\t\tq = floor(qMinusT / baseMinusT);","\t\t\t\t}","","\t\t\t\toutput.push(stringFromCharCode(digitToBasic(q, 0)));","\t\t\t\tbias = adapt(delta, handledCPCountPlusOne, handledCPCount == basicLength);","\t\t\t\tdelta = 0;","\t\t\t\t++handledCPCount;","\t\t\t}","\t\t}","","\t\t++delta;","\t\t++n;","","\t}","\treturn output.join('');","};","","/**"," * Converts a Punycode string representing a domain name or an email address"," * to Unicode. Only the Punycoded parts of the input will be converted, i.e."," * it doesn't matter if you call it on a string that has already been"," * converted to Unicode."," * @memberOf punycode"," * @param {String} input The Punycoded domain name or email address to"," * convert to Unicode."," * @returns {String} The Unicode representation of the given Punycode"," * string."," */","const toUnicode = function(input) {","\treturn mapDomain(input, function(string) {","\t\treturn regexPunycode.test(string)","\t\t\t? decode(string.slice(4).toLowerCase())","\t\t\t: string;","\t});","};","","/**"," * Converts a Unicode string representing a domain name or an email address to"," * Punycode. Only the non-ASCII parts of the domain name will be converted,"," * i.e. it doesn't matter if you call it with a domain that's already in"," * ASCII."," * @memberOf punycode"," * @param {String} input The domain name or email address to convert, as a"," * Unicode string."," * @returns {String} The Punycode representation of the given domain name or"," * email address."," */","const toASCII = function(input) {","\treturn mapDomain(input, function(string) {","\t\treturn regexNonASCII.test(string)","\t\t\t? 'xn--' + encode(string)","\t\t\t: string;","\t});","};","","/*--------------------------------------------------------------------------*/","","/** Define the public API */","const punycode = {","\t/**","\t * A string representing the current Punycode.js version number.","\t * @memberOf punycode","\t * @type String","\t */","\t'version': '2.1.0',","\t/**","\t * An object of methods to convert from JavaScript's internal character","\t * representation (UCS-2) to Unicode code points, and back.","\t * @see <https://mathiasbynens.be/notes/javascript-encoding>","\t * @memberOf punycode","\t * @type Object","\t */","\t'ucs2': {","\t\t'decode': ucs2decode,","\t\t'encode': ucs2encode","\t},","\t'decode': decode,","\t'encode': encode,","\t'toASCII': toASCII,","\t'toUnicode': toUnicode","};","","module.exports = punycode;",""],"l":{"4":1,"7":1,"8":1,"9":1,"10":1,"11":1,"12":1,"13":1,"14":1,"17":1,"18":1,"19":1,"22":1,"29":1,"30":1,"31":1,"41":1,"42":0,"53":1,"54":0,"55":0,"56":0,"57":0,"59":0,"72":1,"73":0,"74":0,"75":0,"78":0,"79":0,"82":0,"83":0,"84":0,"85":0,"101":1,"102":0,"103":0,"104":0,"105":0,"106":0,"107":0,"109":0,"110":0,"111":0,"115":0,"116":0,"119":0,"122":0,"133":1,"144":1,"145":0,"146":0,"148":0,"149":0,"151":0,"152":0,"154":0,"168":1,"171":0,"179":1,"180":0,"181":0,"182":0,"183":0,"184":0,"186":0,"196":1,"198":0,"199":0,"200":0,"201":0,"202":0,"208":0,"209":0,"210":0,"213":0,"215":0,"216":0,"218":0,"224":0,"231":0,"232":0,"234":0,"235":0,"238":0,"240":0,"241":0,"244":0,"245":0,"247":0,"248":0,"251":0,"252":0,"253":0,"256":0,"260":0,"261":0,"265":0,"266":0,"269":0,"270":0,"273":0,"277":0,"287":1,"288":0,"291":0,"294":0,"297":0,"298":0,"299":0,"302":0,"303":0,"304":0,"308":0,"309":0,"315":0,"316":0,"320":0,"324":0,"325":0,"326":0,"327":0,"333":0,"334":0,"335":0,"338":0,"339":0,"341":0,"342":0,"343":0,"345":0,"347":0,"348":0,"349":0,"350":0,"351":0,"353":0,"354":0,"355":0,"358":0,"361":0,"362":0,"363":0,"364":0,"368":0,"369":0,"372":0,"386":1,"387":0,"388":0,"405":1,"406":0,"407":0,"416":1,"440":1}}}